<?xml version="1.0" encoding="UTF-8"?>
<testng-results skipped="0" failed="0" total="1" passed="1">
  <reporter-output>
  </reporter-output>
  <suite name="Default suite" duration-ms="10062" started-at="2017-04-15T08:43:09Z" finished-at="2017-04-15T08:43:19Z">
    <groups>
    </groups>
    <test name="Default test" duration-ms="10062" started-at="2017-04-15T08:43:09Z" finished-at="2017-04-15T08:43:19Z">
      <class name="testing.A1">
        <test-method status="PASS" signature="case1()[pri:0, instance:testing.A1@47d384ee]" name="case1" duration-ms="9996" started-at="2017-04-15T14:13:09Z" finished-at="2017-04-15T14:13:19Z">
          <reporter-output>
          </reporter-output>
        </test-method> <!-- case1 -->
      </class> <!-- testing.A1 -->
    </test> <!-- Default test -->
  </suite> <!-- Default suite -->
</testng-results>
